=================================================
>>            UCAS Network Login for           <<
>>      SRunCGIAuthIntfSvr V1.18 B20210412     <<
=================================================
>>>>>>>>Begin First Login<<<<<<<<
Current IP : 124.16.70.13
----------------
Get tokens Success!
----------------
The login result : ip_already_online_error
----------------
>>>>>>>Begin Auto Connection<<<<<<<
PING www.a.shifen.com (220.181.38.149) 56(84) bytes of data.

--- www.a.shifen.com ping statistics ---
8 packets transmitted, 0 received, 100% packet loss, time 7169ms

Fri Aug 20 18:01:35 2021
Current IP : 124.16.70.13
----------------
Get tokens Success!
----------------
The login result : ip_already_online_error
----------------
